<?xml version="1.0" encoding="UTF-8" standalone="yes"?><!DOCTYPE report PUBLIC "-//JACOCO//DTD Report 1.0//EN" "report.dtd"><report name="PhonyList"><sessioninfo id="nduquesne-HP-EliteBook-8470p-4aade265" start="1442414105521" dump="1442414105973"/><sessioninfo id="nduquesne-HP-EliteBook-8470p-815d8c7a" start="1442414730347" dump="1442414730796"/><sessioninfo id="nduquesne-HP-EliteBook-8470p-e807452" start="1442417473879" dump="1442417474384"/><sessioninfo id="nduquesne-HP-EliteBook-8470p-789b5816" start="1442417584490" dump="1442417584999"/><sessioninfo id="nduquesne-HP-EliteBook-8470p-a851eff5" start="1442417731784" dump="1442417732283"/><sessioninfo id="nduquesne-HP-EliteBook-8470p-8e34a756" start="1442417916595" dump="1442417917084"/><sessioninfo id="nduquesne-HP-EliteBook-8470p-eaff06ac" start="1442417982132" dump="1442417982644"/><sessioninfo id="nduquesne-HP-EliteBook-8470p-cbba3d2c" start="1442418068262" dump="1442418068745"/><sessioninfo id="nduquesne-HP-EliteBook-8470p-10d9a6cb" start="1442418759251" dump="1442418759759"/><sessioninfo id="nduquesne-HP-EliteBook-8470p-9ba97eaa" start="1442418899740" dump="1442418900203"/><sessioninfo id="nduquesne-HP-EliteBook-8470p-25cd45d0" start="1442418918269" dump="1442418918857"/><sessioninfo id="nduquesne-HP-EliteBook-8470p-24ec4ff1" start="1442419169845" dump="1442419170322"/><sessioninfo id="nduquesne-HP-EliteBook-8470p-cc6f92b" start="1442428231251" dump="1442428231728"/><sessioninfo id="nduquesne-HP-EliteBook-8470p-40c5f83e" start="1442475918778" dump="1442475919243"/><sessioninfo id="nduquesne-HP-EliteBook-8470p-8524741d" start="1442476413713" dump="1442476414168"/><sessioninfo id="nduquesne-HP-EliteBook-8470p-bb33e234" start="1442655944918" dump="1442655945370"/><sessioninfo id="nduquesne-HP-EliteBook-8470p-dd00c4f8" start="1442656450606" dump="1442656451046"/><sessioninfo id="nduquesne-HP-EliteBook-8470p-b2e3201c" start="1442657659515" dump="1442657659943"/><sessioninfo id="nduquesne-HP-EliteBook-8470p-ebc9f514" start="1442658473862" dump="1442658474314"/><sessioninfo id="nduquesne-HP-EliteBook-8470p-2f9f6120" start="1442659474003" dump="1442659474445"/><sessioninfo id="nduquesne-HP-EliteBook-8470p-3a360d20" start="1442659705108" dump="1442659705560"/><sessioninfo id="nduquesne-HP-EliteBook-8470p-6edd838" start="1442661934140" dump="1442661934604"/><sessioninfo id="nduquesne-HP-EliteBook-8470p-d69d70db" start="1443280339614" dump="1443280340107"/><sessioninfo id="nduquesne-HP-EliteBook-8470p-90e4f8ac" start="1443878820494" dump="1443878820952"/><sessioninfo id="nduquesne-HP-EliteBook-8470p-c5312821" start="1443878895600" dump="1443878896061"/><sessioninfo id="nduquesne-HP-EliteBook-8470p-10db9a41" start="1443878946505" dump="1443878946959"/><sessioninfo id="nduquesne-HP-EliteBook-8470p-262413b4" start="1443879013702" dump="1443879014179"/><sessioninfo id="nduquesne-HP-EliteBook-8470p-4f56f1c8" start="1443879229819" dump="1443879230276"/><sessioninfo id="nduquesne-HP-EliteBook-8470p-9aade49a" start="1443879920149" dump="1443879920613"/><sessioninfo id="nduquesne-HP-EliteBook-8470p-6c905fe6" start="1443880023553" dump="1443880024013"/><sessioninfo id="nduquesne-HP-EliteBook-8470p-9102981c" start="1443880131537" dump="1443880132020"/><sessioninfo id="nduquesne-HP-EliteBook-8470p-40dd039f" start="1443880210602" dump="1443880211056"/><sessioninfo id="nduquesne-HP-EliteBook-8470p-48d4bb0f" start="1443880729411" dump="1443880729876"/><sessioninfo id="nduquesne-HP-EliteBook-8470p-7dc54014" start="1443880822248" dump="1443880822758"/><sessioninfo id="nduquesne-HP-EliteBook-8470p-af91cf2" start="1443881034430" dump="1443881034909"/><sessioninfo id="nduquesne-HP-EliteBook-8470p-11393e26" start="1443881169381" dump="1443881169857"/><sessioninfo id="nduquesne-HP-EliteBook-8470p-638083f4" start="1444063197001" dump="1444063197452"/><sessioninfo id="nduquesne-HP-EliteBook-8470p-46d11db1" start="1444064563910" dump="1444064564390"/><package name="system"><class name="system/PhonyList"><method name="&lt;clinit&gt;" desc="()V" line="39"><counter type="INSTRUCTION" missed="0" covered="4"/><counter type="LINE" missed="0" covered="2"/><counter type="COMPLEXITY" missed="0" covered="1"/><counter type="METHOD" missed="0" covered="1"/></method><method name="&lt;init&gt;" desc="()V" line="60"><counter type="INSTRUCTION" missed="0" covered="6"/><counter type="LINE" missed="0" covered="3"/><counter type="COMPLEXITY" missed="0" covered="1"/><counter type="METHOD" missed="0" covered="1"/></method><method name="equals" desc="(Ljava/lang/Object;)Z" line="85"><counter type="INSTRUCTION" missed="3" covered="46"/><counter type="BRANCH" missed="3" covered="11"/><counter type="LINE" missed="0" covered="13"/><counter type="COMPLEXITY" missed="2" covered="6"/><counter type="METHOD" missed="0" covered="1"/></method><method name="ensureCapacityInternal" desc="(I)V" line="106"><counter type="INSTRUCTION" missed="0" covered="12"/><counter type="BRANCH" missed="0" covered="2"/><counter type="LINE" missed="0" covered="4"/><counter type="COMPLEXITY" missed="0" covered="2"/><counter type="METHOD" missed="0" covered="1"/></method><method name="ensureExplicitCapacity" desc="(I)V" line="115"><counter type="INSTRUCTION" missed="0" covered="10"/><counter type="BRANCH" missed="0" covered="2"/><counter type="LINE" missed="0" covered="3"/><counter type="COMPLEXITY" missed="0" covered="2"/><counter type="METHOD" missed="0" covered="1"/></method><method name="grow" desc="(I)V" line="134"><counter type="INSTRUCTION" missed="3" covered="27"/><counter type="BRANCH" missed="1" covered="3"/><counter type="LINE" missed="1" covered="7"/><counter type="COMPLEXITY" missed="1" covered="2"/><counter type="METHOD" missed="0" covered="1"/></method><method name="hugeCapacity" desc="(I)I" line="145"><counter type="INSTRUCTION" missed="13" covered="0"/><counter type="BRANCH" missed="4" covered="0"/><counter type="LINE" missed="4" covered="0"/><counter type="COMPLEXITY" missed="3" covered="0"/><counter type="METHOD" missed="1" covered="0"/></method><method name="size" desc="()I" line="157"><counter type="INSTRUCTION" missed="0" covered="3"/><counter type="LINE" missed="0" covered="1"/><counter type="COMPLEXITY" missed="0" covered="1"/><counter type="METHOD" missed="0" covered="1"/></method><method name="isEmpty" desc="()Z" line="166"><counter type="INSTRUCTION" missed="0" covered="7"/><counter type="BRANCH" missed="0" covered="2"/><counter type="LINE" missed="0" covered="1"/><counter type="COMPLEXITY" missed="0" covered="2"/><counter type="METHOD" missed="0" covered="1"/></method><method name="contains" desc="(Ljava/lang/Object;)Z" line="179"><counter type="INSTRUCTION" missed="0" covered="8"/><counter type="BRANCH" missed="0" covered="2"/><counter type="LINE" missed="0" covered="1"/><counter type="COMPLEXITY" missed="0" covered="2"/><counter type="METHOD" missed="0" covered="1"/></method><method name="indexOf" desc="(Ljava/lang/Object;)I" line="190"><counter type="INSTRUCTION" missed="1" covered="36"/><counter type="BRANCH" missed="1" covered="9"/><counter type="LINE" missed="1" covered="8"/><counter type="COMPLEXITY" missed="1" covered="5"/><counter type="METHOD" missed="0" covered="1"/></method><method name="elementData" desc="(I)Ljava/lang/Object;" line="206"><counter type="INSTRUCTION" missed="0" covered="5"/><counter type="LINE" missed="0" covered="1"/><counter type="COMPLEXITY" missed="0" covered="1"/><counter type="METHOD" missed="0" covered="1"/></method><method name="get" desc="(I)Ljava/lang/Object;" line="217"><counter type="INSTRUCTION" missed="0" covered="7"/><counter type="LINE" missed="0" covered="2"/><counter type="COMPLEXITY" missed="0" covered="1"/><counter type="METHOD" missed="0" covered="1"/></method><method name="set" desc="(ILjava/lang/Object;)Ljava/lang/Object;" line="232"><counter type="INSTRUCTION" missed="0" covered="14"/><counter type="LINE" missed="0" covered="4"/><counter type="COMPLEXITY" missed="0" covered="1"/><counter type="METHOD" missed="0" covered="1"/></method><method name="add" desc="(Ljava/lang/Object;)Z" line="246"><counter type="INSTRUCTION" missed="0" covered="19"/><counter type="LINE" missed="0" covered="3"/><counter type="COMPLEXITY" missed="0" covered="1"/><counter type="METHOD" missed="0" covered="1"/></method><method name="remove" desc="(Ljava/lang/Object;)Z" line="265"><counter type="INSTRUCTION" missed="1" covered="42"/><counter type="BRANCH" missed="1" covered="9"/><counter type="LINE" missed="0" covered="11"/><counter type="COMPLEXITY" missed="1" covered="5"/><counter type="METHOD" missed="0" covered="1"/></method><method name="fastRemove" desc="(I)V" line="286"><counter type="INSTRUCTION" missed="0" covered="31"/><counter type="BRANCH" missed="0" covered="2"/><counter type="LINE" missed="0" covered="6"/><counter type="COMPLEXITY" missed="0" covered="2"/><counter type="METHOD" missed="0" covered="1"/></method><method name="clear" desc="()V" line="299"><counter type="INSTRUCTION" missed="0" covered="17"/><counter type="BRANCH" missed="0" covered="2"/><counter type="LINE" missed="0" covered="4"/><counter type="COMPLEXITY" missed="0" covered="2"/><counter type="METHOD" missed="0" covered="1"/></method><method name="addAll" desc="(ILjava/util/Collection;)Z" line="319"><counter type="INSTRUCTION" missed="16" covered="50"/><counter type="BRANCH" missed="4" covered="2"/><counter type="LINE" missed="3" covered="11"/><counter type="COMPLEXITY" missed="3" covered="1"/><counter type="METHOD" missed="0" covered="1"/></method><method name="removeRange" desc="(II)V" line="353"><counter type="INSTRUCTION" missed="37" covered="0"/><counter type="BRANCH" missed="2" covered="0"/><counter type="LINE" missed="7" covered="0"/><counter type="COMPLEXITY" missed="2" covered="0"/><counter type="METHOD" missed="1" covered="0"/></method><method name="rangeCheck" desc="(I)V" line="372"><counter type="INSTRUCTION" missed="7" covered="5"/><counter type="BRANCH" missed="1" covered="1"/><counter type="LINE" missed="1" covered="2"/><counter type="COMPLEXITY" missed="1" covered="1"/><counter type="METHOD" missed="0" covered="1"/></method><method name="rangeCheckForAdd" desc="(I)V" line="380"><counter type="INSTRUCTION" missed="7" covered="7"/><counter type="BRANCH" missed="2" covered="2"/><counter type="LINE" missed="1" covered="2"/><counter type="COMPLEXITY" missed="2" covered="1"/><counter type="METHOD" missed="0" covered="1"/></method><method name="outOfBoundsMsg" desc="(I)Ljava/lang/String;" line="390"><counter type="INSTRUCTION" missed="13" covered="0"/><counter type="LINE" missed="1" covered="0"/><counter type="COMPLEXITY" missed="1" covered="0"/><counter type="METHOD" missed="1" covered="0"/></method><method name="removeAll" desc="(Ljava/util/Collection;)Z" line="409"><counter type="INSTRUCTION" missed="0" covered="5"/><counter type="LINE" missed="0" covered="1"/><counter type="COMPLEXITY" missed="0" covered="1"/><counter type="METHOD" missed="0" covered="1"/></method><method name="batchRemove" desc="(Ljava/util/Collection;Z)Z" line="413"><counter type="INSTRUCTION" missed="44" covered="75"/><counter type="BRANCH" missed="8" covered="8"/><counter type="LINE" missed="1" covered="16"/><counter type="COMPLEXITY" missed="5" covered="4"/><counter type="METHOD" missed="0" covered="1"/></method><counter type="INSTRUCTION" missed="145" covered="436"/><counter type="BRANCH" missed="27" covered="57"/><counter type="LINE" missed="20" covered="106"/><counter type="COMPLEXITY" missed="22" covered="45"/><counter type="METHOD" missed="3" covered="22"/><counter type="CLASS" missed="0" covered="1"/></class><sourcefile name="PhonyList.java"><line nr="39" mi="0" ci="3" mb="0" cb="0"/><line nr="60" mi="0" ci="2" mb="0" cb="0"/><line nr="61" mi="0" ci="3" mb="0" cb="0"/><line nr="62" mi="0" ci="1" mb="0" cb="0"/><line nr="85" mi="0" ci="3" mb="0" cb="2"/><line nr="86" mi="0" ci="2" mb="0" cb="0"/><line nr="87" mi="0" ci="3" mb="0" cb="2"/><line nr="88" mi="0" ci="2" mb="0" cb="0"/><line nr="90" mi="0" ci="3" mb="0" cb="0"/><line nr="92" mi="0" ci="5" mb="0" cb="2"/><line nr="93" mi="0" ci="2" mb="0" cb="0"/><line nr="95" mi="0" ci="8" mb="0" cb="2"/><line nr="96" mi="0" ci="4" mb="0" cb="0"/><line nr="97" mi="0" ci="4" mb="0" cb="0"/><line nr="98" mi="3" ci="6" mb="3" cb="3"/><line nr="99" mi="0" ci="2" mb="0" cb="0"/><line nr="102" mi="0" ci="2" mb="0" cb="0"/><line nr="106" mi="0" ci="4" mb="0" cb="2"/><line nr="107" mi="0" ci="4" mb="0" cb="0"/><line nr="110" mi="0" ci="3" mb="0" cb="0"/><line nr="111" mi="0" ci="1" mb="0" cb="0"/><line nr="115" mi="0" ci="6" mb="0" cb="2"/><line nr="116" mi="0" ci="3" mb="0" cb="0"/><line nr="117" mi="0" ci="1" mb="0" cb="0"/><line nr="124" mi="0" ci="1" mb="0" cb="0"/><line nr="134" mi="0" ci="4" mb="0" cb="0"/><line nr="135" mi="0" ci="6" mb="0" cb="0"/><line nr="136" mi="0" ci="4" mb="0" cb="2"/><line nr="137" mi="0" ci="2" mb="0" cb="0"/><line nr="138" mi="0" ci="4" mb="1" cb="1"/><line nr="139" mi="3" ci="0" mb="0" cb="0"/><line nr="141" mi="0" ci="6" mb="0" cb="0"/><line nr="142" mi="0" ci="1" mb="0" cb="0"/><line nr="145" mi="2" ci="0" mb="2" cb="0"/><line nr="146" mi="4" ci="0" mb="0" cb="0"/><line nr="147" mi="6" ci="0" mb="2" cb="0"/><line nr="148" mi="1" ci="0" mb="0" cb="0"/><line nr="157" mi="0" ci="3" mb="0" cb="0"/><line nr="166" mi="0" ci="7" mb="0" cb="2"/><line nr="179" mi="0" ci="8" mb="0" cb="2"/><line nr="190" mi="0" ci="2" mb="0" cb="2"/><line nr="191" mi="0" ci="8" mb="1" cb="1"/><line nr="192" mi="0" ci="5" mb="0" cb="2"/><line nr="193" mi="0" ci="2" mb="0" cb="0"/><line nr="194" mi="1" ci="0" mb="0" cb="0"/><line nr="195" mi="0" ci="8" mb="0" cb="2"/><line nr="196" mi="0" ci="7" mb="0" cb="2"/><line nr="197" mi="0" ci="2" mb="0" cb="0"/><line nr="199" mi="0" ci="2" mb="0" cb="0"/><line nr="206" mi="0" ci="5" mb="0" cb="0"/><line nr="217" mi="0" ci="3" mb="0" cb="0"/><line nr="219" mi="0" ci="4" mb="0" cb="0"/><line nr="232" mi="0" ci="3" mb="0" cb="0"/><line nr="234" mi="0" ci="4" mb="0" cb="0"/><line nr="235" mi="0" ci="5" mb="0" cb="0"/><line nr="236" mi="0" ci="2" mb="0" cb="0"/><line nr="246" mi="0" ci="6" mb="0" cb="0"/><line nr="247" mi="0" ci="11" mb="0" cb="0"/><line nr="248" mi="0" ci="2" mb="0" cb="0"/><line nr="265" mi="0" ci="2" mb="0" cb="2"/><line nr="266" mi="1" ci="7" mb="0" cb="2"/><line nr="267" mi="0" ci="5" mb="1" cb="1"/><line nr="268" mi="0" ci="3" mb="0" cb="0"/><line nr="269" mi="0" ci="2" mb="0" cb="0"/><line nr="271" mi="0" ci="1" mb="0" cb="0"/><line nr="272" mi="0" ci="8" mb="0" cb="2"/><line nr="273" mi="0" ci="7" mb="0" cb="2"/><line nr="274" mi="0" ci="3" mb="0" cb="0"/><line nr="275" mi="0" ci="2" mb="0" cb="0"/><line nr="278" mi="0" ci="2" mb="0" cb="0"/><line nr="286" mi="0" ci="7" mb="0" cb="0"/><line nr="287" mi="0" ci="2" mb="0" cb="2"/><line nr="288" mi="0" ci="9" mb="0" cb="0"/><line nr="289" mi="0" ci="1" mb="0" cb="0"/><line nr="290" mi="0" ci="11" mb="0" cb="0"/><line nr="291" mi="0" ci="1" mb="0" cb="0"/><line nr="299" mi="0" ci="8" mb="0" cb="2"/><line nr="300" mi="0" ci="5" mb="0" cb="0"/><line nr="302" mi="0" ci="3" mb="0" cb="0"/><line nr="303" mi="0" ci="1" mb="0" cb="0"/><line nr="319" mi="0" ci="3" mb="0" cb="0"/><line nr="321" mi="0" ci="3" mb="0" cb="0"/><line nr="322" mi="0" ci="3" mb="0" cb="0"/><line nr="323" mi="0" ci="6" mb="0" cb="0"/><line nr="325" mi="0" ci="5" mb="0" cb="0"/><line nr="326" mi="0" ci="2" mb="1" cb="1"/><line nr="327" mi="0" ci="9" mb="0" cb="0"/><line nr="328" mi="0" ci="2" mb="0" cb="0"/><line nr="329" mi="4" ci="0" mb="2" cb="0"/><line nr="330" mi="9" ci="0" mb="0" cb="0"/><line nr="331" mi="1" ci="0" mb="0" cb="0"/><line nr="334" mi="0" ci="7" mb="0" cb="0"/><line nr="335" mi="0" ci="6" mb="0" cb="0"/><line nr="336" mi="2" ci="4" mb="1" cb="1"/><line nr="353" mi="5" ci="0" mb="0" cb="0"/><line nr="355" mi="8" ci="0" mb="0" cb="0"/><line nr="358" mi="7" ci="0" mb="0" cb="0"/><line nr="359" mi="8" ci="0" mb="2" cb="0"/><line nr="360" mi="5" ci="0" mb="0" cb="0"/><line nr="362" mi="3" ci="0" mb="0" cb="0"/><line nr="363" mi="1" ci="0" mb="0" cb="0"/><line nr="372" mi="0" ci="4" mb="1" cb="1"/><line nr="373" mi="7" ci="0" mb="0" cb="0"/><line nr="374" mi="0" ci="1" mb="0" cb="0"/><line nr="380" mi="0" ci="6" mb="2" cb="2"/><line nr="381" mi="7" ci="0" mb="0" cb="0"/><line nr="382" mi="0" ci="1" mb="0" cb="0"/><line nr="390" mi="13" ci="0" mb="0" cb="0"/><line nr="409" mi="0" ci="5" mb="0" cb="0"/><line nr="413" mi="0" ci="3" mb="0" cb="0"/><line nr="414" mi="0" ci="4" mb="0" cb="0"/><line nr="415" mi="0" ci="2" mb="0" cb="0"/><line nr="417" mi="0" ci="8" mb="0" cb="2"/><line nr="418" mi="0" ci="7" mb="0" cb="2"/><line nr="419" mi="0" ci="7" mb="0" cb="0"/><line nr="420" mi="1" ci="1" mb="0" cb="0"/><line nr="423" mi="4" ci="4" mb="3" cb="1"/><line nr="424" mi="9" ci="9" mb="0" cb="0"/><line nr="425" mi="7" ci="7" mb="0" cb="0"/><line nr="427" mi="4" ci="4" mb="3" cb="1"/><line nr="429" mi="8" ci="8" mb="2" cb="2"/><line nr="430" mi="4" ci="4" mb="0" cb="0"/><line nr="431" mi="3" ci="3" mb="0" cb="0"/><line nr="432" mi="2" ci="2" mb="0" cb="0"/><line nr="434" mi="2" ci="0" mb="0" cb="0"/><line nr="435" mi="0" ci="2" mb="0" cb="0"/><counter type="INSTRUCTION" missed="145" covered="436"/><counter type="BRANCH" missed="27" covered="57"/><counter type="LINE" missed="20" covered="106"/><counter type="COMPLEXITY" missed="22" covered="45"/><counter type="METHOD" missed="3" covered="22"/><counter type="CLASS" missed="0" covered="1"/></sourcefile><counter type="INSTRUCTION" missed="145" covered="436"/><counter type="BRANCH" missed="27" covered="57"/><counter type="LINE" missed="20" covered="106"/><counter type="COMPLEXITY" missed="22" covered="45"/><counter type="METHOD" missed="3" covered="22"/><counter type="CLASS" missed="0" covered="1"/></package><counter type="INSTRUCTION" missed="145" covered="436"/><counter type="BRANCH" missed="27" covered="57"/><counter type="LINE" missed="20" covered="106"/><counter type="COMPLEXITY" missed="22" covered="45"/><counter type="METHOD" missed="3" covered="22"/><counter type="CLASS" missed="0" covered="1"/></report>